max_len: 5122
max_len: 5122
========== fold: 0 training ==========
DebertaConfig {
  "_name_or_path": "microsoft/deberta-base",
  "attention_dropout": 0.0,
  "attention_probs_dropout_prob": 0.0,
  "hidden_act": "gelu",
  "hidden_dropout": 0.0,
  "hidden_dropout_prob": 0.0,
  "hidden_size": 768,
  "initializer_range": 0.02,
  "intermediate_size": 3072,
  "layer_norm_eps": 1e-07,
  "max_position_embeddings": 512,
  "max_relative_positions": -1,
  "model_type": "deberta",
  "num_attention_heads": 12,
  "num_hidden_layers": 12,
  "output_hidden_states": true,
  "pad_token_id": 0,
  "pooler_dropout": 0,
  "pooler_hidden_act": "gelu",
  "pooler_hidden_size": 768,
  "pos_att_type": [
    "c2p",
    "p2c"
  ],
  "position_biased_input": false,
  "relative_attention": true,
  "transformers_version": "4.22.1",
  "type_vocab_size": 0,
  "vocab_size": 50265
}

max_len: 5122
========== fold: 0 training ==========
DebertaConfig {
  "_name_or_path": "microsoft/deberta-base",
  "attention_dropout": 0.0,
  "attention_probs_dropout_prob": 0.0,
  "hidden_act": "gelu",
  "hidden_dropout": 0.0,
  "hidden_dropout_prob": 0.0,
  "hidden_size": 768,
  "initializer_range": 0.02,
  "intermediate_size": 3072,
  "layer_norm_eps": 1e-07,
  "max_position_embeddings": 512,
  "max_relative_positions": -1,
  "model_type": "deberta",
  "num_attention_heads": 12,
  "num_hidden_layers": 12,
  "output_hidden_states": true,
  "pad_token_id": 0,
  "pooler_dropout": 0,
  "pooler_hidden_act": "gelu",
  "pooler_hidden_size": 768,
  "pos_att_type": [
    "c2p",
    "p2c"
  ],
  "position_biased_input": false,
  "relative_attention": true,
  "transformers_version": "4.18.0",
  "type_vocab_size": 0,
  "vocab_size": 50265
}

========== fold: 0 training ==========
DebertaConfig {
  "_name_or_path": "microsoft/deberta-base",
  "attention_dropout": 0.0,
  "attention_probs_dropout_prob": 0.0,
  "hidden_act": "gelu",
  "hidden_dropout": 0.0,
  "hidden_dropout_prob": 0.0,
  "hidden_size": 768,
  "initializer_range": 0.02,
  "intermediate_size": 3072,
  "layer_norm_eps": 1e-07,
  "max_position_embeddings": 512,
  "max_relative_positions": -1,
  "model_type": "deberta",
  "num_attention_heads": 12,
  "num_hidden_layers": 12,
  "output_hidden_states": true,
  "pad_token_id": 0,
  "pooler_dropout": 0,
  "pooler_hidden_act": "gelu",
  "pooler_hidden_size": 768,
  "pos_att_type": [
    "c2p",
    "p2c"
  ],
  "position_biased_input": false,
  "relative_attention": true,
  "transformers_version": "4.18.0",
  "type_vocab_size": 0,
  "vocab_size": 50265
}

max_len: 5122
========== fold: 0 training ==========
DebertaConfig {
  "_name_or_path": "microsoft/deberta-base",
  "attention_dropout": 0.0,
  "attention_probs_dropout_prob": 0.0,
  "hidden_act": "gelu",
  "hidden_dropout": 0.0,
  "hidden_dropout_prob": 0.0,
  "hidden_size": 768,
  "initializer_range": 0.02,
  "intermediate_size": 3072,
  "layer_norm_eps": 1e-07,
  "max_position_embeddings": 512,
  "max_relative_positions": -1,
  "model_type": "deberta",
  "num_attention_heads": 12,
  "num_hidden_layers": 12,
  "output_hidden_states": true,
  "pad_token_id": 0,
  "pooler_dropout": 0,
  "pooler_hidden_act": "gelu",
  "pooler_hidden_size": 768,
  "pos_att_type": [
    "c2p",
    "p2c"
  ],
  "position_biased_input": false,
  "relative_attention": true,
  "transformers_version": "4.18.0",
  "type_vocab_size": 0,
  "vocab_size": 50265
}

max_len: 5122
========== fold: 0 training ==========
DebertaConfig {
  "_name_or_path": "microsoft/deberta-base",
  "attention_dropout": 0.0,
  "attention_probs_dropout_prob": 0.0,
  "hidden_act": "gelu",
  "hidden_dropout": 0.0,
  "hidden_dropout_prob": 0.0,
  "hidden_size": 768,
  "initializer_range": 0.02,
  "intermediate_size": 3072,
  "layer_norm_eps": 1e-07,
  "max_position_embeddings": 512,
  "max_relative_positions": -1,
  "model_type": "deberta",
  "num_attention_heads": 12,
  "num_hidden_layers": 12,
  "output_hidden_states": true,
  "pad_token_id": 0,
  "pooler_dropout": 0,
  "pooler_hidden_act": "gelu",
  "pooler_hidden_size": 768,
  "pos_att_type": [
    "c2p",
    "p2c"
  ],
  "position_biased_input": false,
  "relative_attention": true,
  "transformers_version": "4.18.0",
  "type_vocab_size": 0,
  "vocab_size": 50265
}

